<?xml version="1.0" encoding="utf-8"?><testsuites name="pytest tests"><testsuite name="pytest" errors="0" failures="0" skipped="8" tests="11" time="2.895" timestamp="2026-02-25T01:21:17.522286+00:00" hostname="agent-env-f0df6cc8-29f1-4c81-bdef-8d77b1f01c5d"><testcase classname="tests.test_demo_seed.TestDemoSeedEndpoint" name="test_seed_demo_without_auth_returns_401" time="0.606" /><testcase classname="tests.test_demo_seed.TestDemoSeedEndpoint" name="test_seed_demo_invalid_shop_returns_404" time="0.448" /><testcase classname="tests.test_demo_seed.TestDemoSeedEndpoint" name="test_seed_demo_creates_expected_data" time="0.486" /><testcase classname="tests.test_demo_seed.TestClearDataEndpoint" name="test_clear_data_without_auth_returns_401" time="0.141"><skipped type="pytest.skip" message="Could not authenticate - rate limited">/app/backend/tests/test_demo_seed.py:87: Could not authenticate - rate limited</skipped></testcase><testcase classname="tests.test_demo_seed.TestClearDataEndpoint" name="test_clear_data_invalid_shop_returns_404" time="0.120"><skipped type="pytest.skip" message="Could not authenticate - rate limited">/app/backend/tests/test_demo_seed.py:94: Could not authenticate - rate limited</skipped></testcase><testcase classname="tests.test_demo_seed.TestConversationsFieldNames" name="test_conversations_list_has_correct_fields" time="0.129"><skipped type="pytest.skip" message="Could not authenticate - rate limited">/app/backend/tests/test_demo_seed.py:117: Could not authenticate - rate limited</skipped></testcase><testcase classname="tests.test_demo_seed.TestConversationsFieldNames" name="test_conversation_messages_have_content_field" time="0.144"><skipped type="pytest.skip" message="Could not authenticate - rate limited">/app/backend/tests/test_demo_seed.py:143: Could not authenticate - rate limited</skipped></testcase><testcase classname="tests.test_demo_seed.TestConversationPollingFix" name="test_poll_with_current_timestamp_returns_no_messages" time="0.136"><skipped type="pytest.skip" message="Could not authenticate - rate limited">/app/backend/tests/test_demo_seed.py:190: Could not authenticate - rate limited</skipped></testcase><testcase classname="tests.test_demo_seed.TestConversationPollingFix" name="test_poll_without_since_param" time="0.314"><skipped type="pytest.skip" message="Could not authenticate - rate limited">/app/backend/tests/test_demo_seed.py:205: Could not authenticate - rate limited</skipped></testcase><testcase classname="tests.test_demo_seed.TestDashboardStatsAfterSeed" name="test_reporting_shows_populated_data" time="0.111"><skipped type="pytest.skip" message="Could not authenticate - rate limited">/app/backend/tests/test_demo_seed.py:233: Could not authenticate - rate limited</skipped></testcase><testcase classname="tests.test_demo_seed.TestDashboardStatsAfterSeed" name="test_platform_stats_include_seeded_data" time="0.134"><skipped type="pytest.skip" message="Could not authenticate - rate limited">/app/backend/tests/test_demo_seed.py:261: Could not authenticate - rate limited</skipped></testcase></testsuite></testsuites>