<?xml version="1.0" encoding="utf-8"?><testsuites name="pytest tests"><testsuite name="pytest" errors="0" failures="0" skipped="0" tests="19" time="6.929" timestamp="2026-02-12T08:03:36.124772+00:00" hostname="agent-env-73fac997-87bc-4da6-a006-659d60d3c993"><testcase classname="tests.test_scheduler_features.TestAuth" name="test_login_works" time="0.356" /><testcase classname="tests.test_scheduler_features.TestSchedulerStatus" name="test_scheduler_status_returns_running" time="0.314" /><testcase classname="tests.test_scheduler_features.TestSchedulerStatus" name="test_scheduler_has_both_jobs" time="0.358" /><testcase classname="tests.test_scheduler_features.TestSchedulerStatus" name="test_scheduler_jobs_have_next_run_times" time="0.358" /><testcase classname="tests.test_scheduler_features.TestAppointmentReminders" name="test_reminders_preview" time="0.346" /><testcase classname="tests.test_scheduler_features.TestAppointmentReminders" name="test_reminders_run" time="0.373" /><testcase classname="tests.test_scheduler_features.TestDailySummary" name="test_daily_summary_preview" time="0.342" /><testcase classname="tests.test_scheduler_features.TestDailySummary" name="test_daily_summary_preview_stats_fields" time="0.377" /><testcase classname="tests.test_scheduler_features.TestDailySummary" name="test_daily_summary_stats_data_types" time="0.378" /><testcase classname="tests.test_scheduler_features.TestDailySummary" name="test_daily_summary_run" time="0.676" /><testcase classname="tests.test_scheduler_features.TestDailySummary" name="test_daily_summary_run_returns_stats" time="0.618" /><testcase classname="tests.test_scheduler_features.TestRegressionExistingFeatures" name="test_dashboard_stats_loads" time="0.317" /><testcase classname="tests.test_scheduler_features.TestRegressionExistingFeatures" name="test_clients_list" time="0.331" /><testcase classname="tests.test_scheduler_features.TestRegressionExistingFeatures" name="test_appointments_list" time="0.330" /><testcase classname="tests.test_scheduler_features.TestRegressionExistingFeatures" name="test_conversations_list" time="0.305" /><testcase classname="tests.test_scheduler_features.TestRegressionExistingFeatures" name="test_waitlist_list" time="0.330" /><testcase classname="tests.test_scheduler_features.TestRegressionExistingFeatures" name="test_barbers_list" time="0.320" /><testcase classname="tests.test_scheduler_features.TestRegressionExistingFeatures" name="test_services_list" time="0.319" /><testcase classname="tests.test_scheduler_features.TestHealthEndpoint" name="test_health_check" time="0.039" /></testsuite></testsuites>