<?xml version="1.0" encoding="utf-8"?><testsuites name="pytest tests"><testsuite name="pytest" errors="0" failures="3" skipped="0" tests="17" time="4.659" timestamp="2026-02-20T03:28:39.451485+00:00" hostname="agent-env-f0df6cc8-29f1-4c81-bdef-8d77b1f01c5d"><testcase classname="tests.test_super_admin.TestSuperAdminAuth" name="test_list_shops_requires_auth" time="0.301" /><testcase classname="tests.test_super_admin.TestSuperAdminAuth" name="test_create_shop_requires_auth" time="0.181" /><testcase classname="tests.test_super_admin.TestListShops" name="test_list_shops_success" time="0.501"><failure message="AssertionError: assert 'slug' in {'address': '456 Main Street, New York, NY 10001', 'admin_count': 1, 'business_hours': {'friday': {'close': '20:00', 'open': '09:00'}, 'monday': {'close': '18:00', 'open': '09:00'}, 'saturday': {'close': '17:00', 'open': '08:00'}, 'sunday': None, ...}, 'cancellation_window_hours': 4, ...}">tests/test_super_admin.py:100: in test_list_shops_success
    assert "slug" in shop
E   AssertionError: assert 'slug' in {'address': '456 Main Street, New York, NY 10001', 'admin_count': 1, 'business_hours': {'friday': {'close': '20:00', 'open': '09:00'}, 'monday': {'close': '18:00', 'open': '09:00'}, 'saturday': {'close': '17:00', 'open': '08:00'}, 'sunday': None, ...}, 'cancellation_window_hours': 4, ...}</failure></testcase><testcase classname="tests.test_super_admin.TestCreateShop" name="test_create_shop_success" time="0.112" /><testcase classname="tests.test_super_admin.TestCreateShop" name="test_create_shop_invalid_slug" time="0.101" /><testcase classname="tests.test_super_admin.TestCreateShop" name="test_create_shop_invalid_phone" time="0.094"><failure message="AssertionError: Expected 422, got 200: {&quot;id&quot;:&quot;08e30de2-2b4b-44ea-bef2-6bd7dc96a0a8&quot;,&quot;slug&quot;:&quot;invalid-phone-shop&quot;,&quot;name&quot;:&quot;Invalid Phone Shop&quot;,&quot;phone&quot;:&quot;+5551234567&quot;,&quot;email&quot;:&quot;&quot;,&quot;address&quot;:&quot;&quot;,&quot;timezone&quot;:&quot;America/New_York&quot;,&quot;business_hours&quot;:{&quot;monday&quot;:{&quot;open&quot;:&quot;09:00&quot;,&quot;close&quot;:&quot;18:00&quot;},&quot;tuesday&quot;:{&quot;open&quot;:&quot;09:00&quot;,&quot;close&quot;:&quot;18:00&quot;},&quot;wednesday&quot;:{&quot;open&quot;:&quot;09:00&quot;,&quot;close&quot;:&quot;18:00&quot;},&quot;thursday&quot;:{&quot;open&quot;:&quot;09:00&quot;,&quot;close&quot;:&quot;18:00&quot;},&quot;friday&quot;:{&quot;open&quot;:&quot;09:00&quot;,&quot;close&quot;:&quot;18:00&quot;},&quot;saturday&quot;:{&quot;open&quot;:&quot;09:00&quot;,&quot;close&quot;:&quot;17:00&quot;},&quot;sunday&quot;:null},&quot;deposit_amount&quot;:20.0,&quot;deposit_required_hours&quot;:48,&quot;confirmation_window_hours&quot;:24,&quot;cancellation_window_hours&quot;:4,&quot;max_messages_per_day&quot;:4,&quot;created_at&quot;:&quot;2026-02-20T03:28:40.866261+00:00&quot;,&quot;updated_at&quot;:&quot;2026-02-20T03:28:40.866261+00:00&quot;}&#10;assert 200 == 422&#10; +  where 200 = &lt;Response [200]&gt;.status_code">tests/test_super_admin.py:152: in test_create_shop_invalid_phone
    assert response.status_code == 422, f"Expected 422, got {response.status_code}: {response.text}"
E   AssertionError: Expected 422, got 200: {"id":"08e30de2-2b4b-44ea-bef2-6bd7dc96a0a8","slug":"invalid-phone-shop","name":"Invalid Phone Shop","phone":"+5551234567","email":"","address":"","timezone":"America/New_York","business_hours":{"monday":{"open":"09:00","close":"18:00"},"tuesday":{"open":"09:00","close":"18:00"},"wednesday":{"open":"09:00","close":"18:00"},"thursday":{"open":"09:00","close":"18:00"},"friday":{"open":"09:00","close":"18:00"},"saturday":{"open":"09:00","close":"17:00"},"sunday":null},"deposit_amount":20.0,"deposit_required_hours":48,"confirmation_window_hours":24,"cancellation_window_hours":4,"max_messages_per_day":4,"created_at":"2026-02-20T03:28:40.866261+00:00","updated_at":"2026-02-20T03:28:40.866261+00:00"}
E   assert 200 == 422
E    +  where 200 = &lt;Response [200]&gt;.status_code</failure></testcase><testcase classname="tests.test_super_admin.TestCreateShop" name="test_create_shop_duplicate_slug" time="0.248" /><testcase classname="tests.test_super_admin.TestCreateShop" name="test_create_shop_missing_required_fields" time="0.091" /><testcase classname="tests.test_super_admin.TestCreateShopAdmin" name="test_create_admin_success" time="0.320" /><testcase classname="tests.test_super_admin.TestCreateShopAdmin" name="test_create_admin_for_nonexistent_shop" time="0.073" /><testcase classname="tests.test_super_admin.TestCreateShopAdmin" name="test_create_admin_password_too_short" time="0.096" /><testcase classname="tests.test_super_admin.TestCreateShopAdmin" name="test_create_admin_duplicate_username" time="0.347" /><testcase classname="tests.test_super_admin.TestListShopAdmins" name="test_list_admins_success" time="0.124" /><testcase classname="tests.test_super_admin.TestListShopAdmins" name="test_list_admins_nonexistent_shop" time="0.056" /><testcase classname="tests.test_super_admin.TestNewAdminLogin" name="test_new_admin_can_login" time="0.666" /><testcase classname="tests.test_super_admin.TestShopAdminAccessRestriction" name="test_shop_admin_cannot_list_all_shops" time="0.442"><failure message="assert 429 == 200&#10; +  where 429 = &lt;Response [429]&gt;.status_code">tests/test_super_admin.py:349: in test_shop_admin_cannot_list_all_shops
    assert login_response.status_code == 200
E   assert 429 == 200
E    +  where 429 = &lt;Response [429]&gt;.status_code</failure></testcase><testcase classname="tests.test_super_admin.TestShopAdminAccessRestriction" name="test_shop_admin_cannot_create_shop" time="0.745" /></testsuite></testsuites>