<?xml version="1.0" encoding="utf-8"?><testsuites name="pytest tests"><testsuite name="pytest" errors="0" failures="0" skipped="0" tests="26" time="1.945" timestamp="2026-02-12T17:53:05.422064+00:00" hostname="agent-env-f0df6cc8-29f1-4c81-bdef-8d77b1f01c5d"><testcase classname="tests.test_p0_new_features.TestHealthAndAuth" name="test_health_endpoint" time="0.126" /><testcase classname="tests.test_p0_new_features.TestHealthAndAuth" name="test_login_success" time="0.272" /><testcase classname="tests.test_p0_new_features.TestBarberCRUD" name="test_list_barbers" time="0.292" /><testcase classname="tests.test_p0_new_features.TestBarberCRUD" name="test_create_barber" time="0.033" /><testcase classname="tests.test_p0_new_features.TestBarberCRUD" name="test_create_barber_name_required" time="0.016" /><testcase classname="tests.test_p0_new_features.TestBarberCRUD" name="test_update_barber" time="0.074" /><testcase classname="tests.test_p0_new_features.TestBarberCRUD" name="test_update_nonexistent_barber" time="0.010" /><testcase classname="tests.test_p0_new_features.TestBarberCRUD" name="test_delete_barber" time="0.073" /><testcase classname="tests.test_p0_new_features.TestServiceCRUD" name="test_list_services" time="0.054" /><testcase classname="tests.test_p0_new_features.TestServiceCRUD" name="test_create_service" time="0.027" /><testcase classname="tests.test_p0_new_features.TestServiceCRUD" name="test_create_service_name_required" time="0.052" /><testcase classname="tests.test_p0_new_features.TestServiceCRUD" name="test_create_service_price_required" time="0.012" /><testcase classname="tests.test_p0_new_features.TestServiceCRUD" name="test_update_service" time="0.071" /><testcase classname="tests.test_p0_new_features.TestServiceCRUD" name="test_update_nonexistent_service" time="0.013" /><testcase classname="tests.test_p0_new_features.TestServiceCRUD" name="test_delete_service" time="0.114" /><testcase classname="tests.test_p0_new_features.TestTodaySchedule" name="test_today_schedule_returns_appointments" time="0.019" /><testcase classname="tests.test_p0_new_features.TestTodaySchedule" name="test_today_schedule_includes_details" time="0.018" /><testcase classname="tests.test_p0_new_features.TestCreateAppointment" name="test_get_clients_for_appointment" time="0.013" /><testcase classname="tests.test_p0_new_features.TestCreateAppointment" name="test_create_appointment_with_valid_data" time="0.107" /><testcase classname="tests.test_p0_new_features.TestCreateAppointment" name="test_create_appointment_missing_client" time="0.074" /><testcase classname="tests.test_p0_new_features.TestCreateAppointment" name="test_create_appointment_invalid_client" time="0.041" /><testcase classname="tests.test_p0_new_features.TestCreateAppointment" name="test_create_appointment_outside_business_hours" time="0.128" /><testcase classname="tests.test_p0_new_features.TestAppointmentsListing" name="test_list_appointments" time="0.040" /><testcase classname="tests.test_p0_new_features.TestAppointmentsListing" name="test_list_appointments_with_status_filter" time="0.019" /><testcase classname="tests.test_p0_new_features.TestAppointmentsListing" name="test_list_appointments_with_pagination" time="0.021" /><testcase classname="tests.test_p0_new_features.TestDashboardStats" name="test_dashboard_stats" time="0.018" /></testsuite></testsuites>