<?xml version="1.0" encoding="utf-8"?><testsuites name="pytest tests"><testsuite name="pytest" errors="0" failures="0" skipped="0" tests="6" time="2.900" timestamp="2026-02-20T03:45:10.243231+00:00" hostname="agent-env-f0df6cc8-29f1-4c81-bdef-8d77b1f01c5d"><testcase classname="backend.tests.test_platform_stats.TestPlatformStatsAuth" name="test_platform_stats_requires_auth" time="0.228" /><testcase classname="backend.tests.test_platform_stats.TestPlatformStatsAuth" name="test_platform_stats_shop_admin_forbidden" time="2.159" /><testcase classname="backend.tests.test_platform_stats.TestPlatformStatsResponse" name="test_platform_stats_returns_aggregate_stats" time="0.075" /><testcase classname="backend.tests.test_platform_stats.TestPlatformStatsResponse" name="test_platform_stats_shop_breakdown_structure" time="0.067" /><testcase classname="backend.tests.test_platform_stats.TestPlatformStatsResponse" name="test_platform_stats_shop_count_matches_list" time="0.116" /><testcase classname="backend.tests.test_platform_stats.TestPlatformStatsAfterShopCreation" name="test_stats_update_after_new_shop" time="0.177" /></testsuite></testsuites>