<?xml version="1.0" encoding="utf-8"?><testsuites name="pytest tests"><testsuite name="pytest" errors="14" failures="0" skipped="0" tests="16" time="0.586" timestamp="2026-02-20T03:29:46.510309+00:00" hostname="agent-env-f0df6cc8-29f1-4c81-bdef-8d77b1f01c5d"><testcase classname="tests.test_super_admin.TestSuperAdminAuth" name="test_list_shops_requires_auth" time="0.224" /><testcase classname="tests.test_super_admin.TestSuperAdminAuth" name="test_create_shop_requires_auth" time="0.112" /><testcase classname="tests.test_super_admin.TestListShops" name="test_list_shops_success" time="0.109"><error message="failed on setup with &quot;AssertionError: Super admin login failed: {&quot;detail&quot;:&quot;Too many login attempts. Try again later.&quot;}&#10;assert 429 == 200&#10; +  where 429 = &lt;Response [429]&gt;.status_code&quot;">tests/test_super_admin.py:28: in super_admin_token
    assert response.status_code == 200, f"Super admin login failed: {response.text}"
E   AssertionError: Super admin login failed: {"detail":"Too many login attempts. Try again later."}
E   assert 429 == 200
E    +  where 429 = &lt;Response [429]&gt;.status_code</error></testcase><testcase classname="tests.test_super_admin.TestCreateShop" name="test_create_shop_success" time="0.000"><error message="failed on setup with &quot;AssertionError: Super admin login failed: {&quot;detail&quot;:&quot;Too many login attempts. Try again later.&quot;}&#10;assert 429 == 200&#10; +  where 429 = &lt;Response [429]&gt;.status_code&quot;">tests/test_super_admin.py:28: in super_admin_token
    assert response.status_code == 200, f"Super admin login failed: {response.text}"
E   AssertionError: Super admin login failed: {"detail":"Too many login attempts. Try again later."}
E   assert 429 == 200
E    +  where 429 = &lt;Response [429]&gt;.status_code</error></testcase><testcase classname="tests.test_super_admin.TestCreateShop" name="test_create_shop_invalid_slug" time="0.000"><error message="failed on setup with &quot;AssertionError: Super admin login failed: {&quot;detail&quot;:&quot;Too many login attempts. Try again later.&quot;}&#10;assert 429 == 200&#10; +  where 429 = &lt;Response [429]&gt;.status_code&quot;">tests/test_super_admin.py:28: in super_admin_token
    assert response.status_code == 200, f"Super admin login failed: {response.text}"
E   AssertionError: Super admin login failed: {"detail":"Too many login attempts. Try again later."}
E   assert 429 == 200
E    +  where 429 = &lt;Response [429]&gt;.status_code</error></testcase><testcase classname="tests.test_super_admin.TestCreateShop" name="test_create_shop_invalid_phone" time="0.000"><error message="failed on setup with &quot;AssertionError: Super admin login failed: {&quot;detail&quot;:&quot;Too many login attempts. Try again later.&quot;}&#10;assert 429 == 200&#10; +  where 429 = &lt;Response [429]&gt;.status_code&quot;">tests/test_super_admin.py:28: in super_admin_token
    assert response.status_code == 200, f"Super admin login failed: {response.text}"
E   AssertionError: Super admin login failed: {"detail":"Too many login attempts. Try again later."}
E   assert 429 == 200
E    +  where 429 = &lt;Response [429]&gt;.status_code</error></testcase><testcase classname="tests.test_super_admin.TestCreateShop" name="test_create_shop_duplicate_slug" time="0.000"><error message="failed on setup with &quot;AssertionError: Super admin login failed: {&quot;detail&quot;:&quot;Too many login attempts. Try again later.&quot;}&#10;assert 429 == 200&#10; +  where 429 = &lt;Response [429]&gt;.status_code&quot;">tests/test_super_admin.py:28: in super_admin_token
    assert response.status_code == 200, f"Super admin login failed: {response.text}"
E   AssertionError: Super admin login failed: {"detail":"Too many login attempts. Try again later."}
E   assert 429 == 200
E    +  where 429 = &lt;Response [429]&gt;.status_code</error></testcase><testcase classname="tests.test_super_admin.TestCreateShop" name="test_create_shop_missing_required_fields" time="0.000"><error message="failed on setup with &quot;AssertionError: Super admin login failed: {&quot;detail&quot;:&quot;Too many login attempts. Try again later.&quot;}&#10;assert 429 == 200&#10; +  where 429 = &lt;Response [429]&gt;.status_code&quot;">tests/test_super_admin.py:28: in super_admin_token
    assert response.status_code == 200, f"Super admin login failed: {response.text}"
E   AssertionError: Super admin login failed: {"detail":"Too many login attempts. Try again later."}
E   assert 429 == 200
E    +  where 429 = &lt;Response [429]&gt;.status_code</error></testcase><testcase classname="tests.test_super_admin.TestCreateShopAdmin" name="test_create_admin_success" time="0.000"><error message="failed on setup with &quot;AssertionError: Super admin login failed: {&quot;detail&quot;:&quot;Too many login attempts. Try again later.&quot;}&#10;assert 429 == 200&#10; +  where 429 = &lt;Response [429]&gt;.status_code&quot;">tests/test_super_admin.py:28: in super_admin_token
    assert response.status_code == 200, f"Super admin login failed: {response.text}"
E   AssertionError: Super admin login failed: {"detail":"Too many login attempts. Try again later."}
E   assert 429 == 200
E    +  where 429 = &lt;Response [429]&gt;.status_code</error></testcase><testcase classname="tests.test_super_admin.TestCreateShopAdmin" name="test_create_admin_for_nonexistent_shop" time="0.000"><error message="failed on setup with &quot;AssertionError: Super admin login failed: {&quot;detail&quot;:&quot;Too many login attempts. Try again later.&quot;}&#10;assert 429 == 200&#10; +  where 429 = &lt;Response [429]&gt;.status_code&quot;">tests/test_super_admin.py:28: in super_admin_token
    assert response.status_code == 200, f"Super admin login failed: {response.text}"
E   AssertionError: Super admin login failed: {"detail":"Too many login attempts. Try again later."}
E   assert 429 == 200
E    +  where 429 = &lt;Response [429]&gt;.status_code</error></testcase><testcase classname="tests.test_super_admin.TestCreateShopAdmin" name="test_create_admin_password_too_short" time="0.000"><error message="failed on setup with &quot;AssertionError: Super admin login failed: {&quot;detail&quot;:&quot;Too many login attempts. Try again later.&quot;}&#10;assert 429 == 200&#10; +  where 429 = &lt;Response [429]&gt;.status_code&quot;">tests/test_super_admin.py:28: in super_admin_token
    assert response.status_code == 200, f"Super admin login failed: {response.text}"
E   AssertionError: Super admin login failed: {"detail":"Too many login attempts. Try again later."}
E   assert 429 == 200
E    +  where 429 = &lt;Response [429]&gt;.status_code</error></testcase><testcase classname="tests.test_super_admin.TestCreateShopAdmin" name="test_create_admin_duplicate_username" time="0.000"><error message="failed on setup with &quot;AssertionError: Super admin login failed: {&quot;detail&quot;:&quot;Too many login attempts. Try again later.&quot;}&#10;assert 429 == 200&#10; +  where 429 = &lt;Response [429]&gt;.status_code&quot;">tests/test_super_admin.py:28: in super_admin_token
    assert response.status_code == 200, f"Super admin login failed: {response.text}"
E   AssertionError: Super admin login failed: {"detail":"Too many login attempts. Try again later."}
E   assert 429 == 200
E    +  where 429 = &lt;Response [429]&gt;.status_code</error></testcase><testcase classname="tests.test_super_admin.TestListShopAdmins" name="test_list_admins_success" time="0.000"><error message="failed on setup with &quot;AssertionError: Super admin login failed: {&quot;detail&quot;:&quot;Too many login attempts. Try again later.&quot;}&#10;assert 429 == 200&#10; +  where 429 = &lt;Response [429]&gt;.status_code&quot;">tests/test_super_admin.py:28: in super_admin_token
    assert response.status_code == 200, f"Super admin login failed: {response.text}"
E   AssertionError: Super admin login failed: {"detail":"Too many login attempts. Try again later."}
E   assert 429 == 200
E    +  where 429 = &lt;Response [429]&gt;.status_code</error></testcase><testcase classname="tests.test_super_admin.TestListShopAdmins" name="test_list_admins_nonexistent_shop" time="0.000"><error message="failed on setup with &quot;AssertionError: Super admin login failed: {&quot;detail&quot;:&quot;Too many login attempts. Try again later.&quot;}&#10;assert 429 == 200&#10; +  where 429 = &lt;Response [429]&gt;.status_code&quot;">tests/test_super_admin.py:28: in super_admin_token
    assert response.status_code == 200, f"Super admin login failed: {response.text}"
E   AssertionError: Super admin login failed: {"detail":"Too many login attempts. Try again later."}
E   assert 429 == 200
E    +  where 429 = &lt;Response [429]&gt;.status_code</error></testcase><testcase classname="tests.test_super_admin.TestNewAdminLogin" name="test_new_admin_can_login" time="0.000"><error message="failed on setup with &quot;AssertionError: Super admin login failed: {&quot;detail&quot;:&quot;Too many login attempts. Try again later.&quot;}&#10;assert 429 == 200&#10; +  where 429 = &lt;Response [429]&gt;.status_code&quot;">tests/test_super_admin.py:28: in super_admin_token
    assert response.status_code == 200, f"Super admin login failed: {response.text}"
E   AssertionError: Super admin login failed: {"detail":"Too many login attempts. Try again later."}
E   assert 429 == 200
E    +  where 429 = &lt;Response [429]&gt;.status_code</error></testcase><testcase classname="tests.test_super_admin.TestShopAdminAccessRestriction" name="test_shop_admin_cannot_access_admin_endpoints" time="0.000"><error message="failed on setup with &quot;AssertionError: Super admin login failed: {&quot;detail&quot;:&quot;Too many login attempts. Try again later.&quot;}&#10;assert 429 == 200&#10; +  where 429 = &lt;Response [429]&gt;.status_code&quot;">tests/test_super_admin.py:28: in super_admin_token
    assert response.status_code == 200, f"Super admin login failed: {response.text}"
E   AssertionError: Super admin login failed: {"detail":"Too many login attempts. Try again later."}
E   assert 429 == 200
E    +  where 429 = &lt;Response [429]&gt;.status_code</error></testcase></testsuite></testsuites>