<?xml version="1.0" encoding="utf-8"?><testsuites name="pytest tests"><testsuite name="pytest" errors="0" failures="0" skipped="0" tests="29" time="1.377" timestamp="2026-02-12T10:45:25.886730+00:00" hostname="agent-env-3d2162d8-abc6-4388-97f5-bdb1262094d7"><testcase classname="backend.tests.test_public_booking.TestPublicShopInfo" name="test_get_shop_info_returns_200" time="0.060" /><testcase classname="backend.tests.test_public_booking.TestPublicShopInfo" name="test_shop_info_has_required_fields" time="0.037" /><testcase classname="backend.tests.test_public_booking.TestPublicShopInfo" name="test_shop_info_no_auth_required" time="0.073" /><testcase classname="backend.tests.test_public_booking.TestPublicBarbers" name="test_get_barbers_returns_200" time="0.040" /><testcase classname="backend.tests.test_public_booking.TestPublicBarbers" name="test_barbers_returns_list" time="0.039" /><testcase classname="backend.tests.test_public_booking.TestPublicBarbers" name="test_barbers_have_id_and_name" time="0.038" /><testcase classname="backend.tests.test_public_booking.TestPublicServices" name="test_get_services_returns_200" time="0.035" /><testcase classname="backend.tests.test_public_booking.TestPublicServices" name="test_services_returns_list" time="0.040" /><testcase classname="backend.tests.test_public_booking.TestPublicServices" name="test_services_have_required_fields" time="0.034" /><testcase classname="backend.tests.test_public_booking.TestPublicAvailability" name="test_get_availability_returns_200" time="0.056" /><testcase classname="backend.tests.test_public_booking.TestPublicAvailability" name="test_availability_returns_slots" time="0.054" /><testcase classname="backend.tests.test_public_booking.TestPublicAvailability" name="test_availability_slots_have_required_fields" time="0.056" /><testcase classname="backend.tests.test_public_booking.TestPublicAvailability" name="test_availability_with_barber_filter" time="0.045" /><testcase classname="backend.tests.test_public_booking.TestPublicAvailability" name="test_availability_invalid_date_returns_400" time="0.034" /><testcase classname="backend.tests.test_public_booking.TestPublicAvailability" name="test_availability_closed_day_returns_empty" time="0.036" /><testcase classname="backend.tests.test_public_booking.TestPublicBooking" name="test_booking_success_far_future" time="0.033" /><testcase classname="backend.tests.test_public_booking.TestPublicBooking" name="test_booking_requires_deposit_within_48h" time="0.036" /><testcase classname="backend.tests.test_public_booking.TestPublicBooking" name="test_booking_conflict_returns_409" time="0.034" /><testcase classname="backend.tests.test_public_booking.TestPublicBooking" name="test_booking_missing_fields_returns_400" time="0.031" /><testcase classname="backend.tests.test_public_booking.TestPublicBooking" name="test_booking_invalid_barber_returns_404" time="0.072" /><testcase classname="backend.tests.test_public_booking.TestPublicBooking" name="test_booking_creates_or_updates_client" time="0.034" /><testcase classname="backend.tests.test_public_booking.TestPublicAppointment" name="test_get_appointment_returns_details" time="0.037" /><testcase classname="backend.tests.test_public_booking.TestPublicAppointment" name="test_get_invalid_appointment_returns_404" time="0.034" /><testcase classname="backend.tests.test_public_booking.TestRateLimiting" name="test_rate_limit_header_or_429" time="0.110" /><testcase classname="backend.tests.test_public_booking.TestNoAuthRequired" name="test_shop_info_no_auth" time="0.034" /><testcase classname="backend.tests.test_public_booking.TestNoAuthRequired" name="test_barbers_no_auth" time="0.036" /><testcase classname="backend.tests.test_public_booking.TestNoAuthRequired" name="test_services_no_auth" time="0.034" /><testcase classname="backend.tests.test_public_booking.TestNoAuthRequired" name="test_availability_no_auth" time="0.053" /><testcase classname="backend.tests.test_public_booking.TestNoAuthRequired" name="test_book_no_auth" time="0.033" /></testsuite></testsuites>