<?xml version="1.0" encoding="utf-8"?><testsuites name="pytest tests"><testsuite name="pytest" errors="0" failures="0" skipped="0" tests="19" time="1.588" timestamp="2026-02-12T08:50:47.663720+00:00" hostname="agent-env-73fac997-87bc-4da6-a006-659d60d3c993"><testcase classname="backend.tests.test_retention_feature.TestRetentionPreview" name="test_preview_endpoint_accessible" time="0.386" /><testcase classname="backend.tests.test_retention_feature.TestRetentionPreview" name="test_preview_returns_expected_structure" time="0.053" /><testcase classname="backend.tests.test_retention_feature.TestRetentionPreview" name="test_preview_shows_lapsed_client_data" time="0.056" /><testcase classname="backend.tests.test_retention_feature.TestRetentionRun" name="test_run_endpoint_accessible" time="0.043" /><testcase classname="backend.tests.test_retention_feature.TestRetentionRun" name="test_run_returns_expected_structure" time="0.046" /><testcase classname="backend.tests.test_retention_feature.TestRetentionRun" name="test_run_action_details" time="0.052" /><testcase classname="backend.tests.test_retention_feature.TestRetentionCooldown" name="test_cooldown_skips_recently_contacted" time="0.133" /><testcase classname="backend.tests.test_retention_feature.TestOutreachHistory" name="test_history_endpoint_accessible" time="0.034" /><testcase classname="backend.tests.test_retention_feature.TestOutreachHistory" name="test_history_returns_expected_structure" time="0.082" /><testcase classname="backend.tests.test_retention_feature.TestOutreachHistory" name="test_history_entry_structure" time="0.037" /><testcase classname="backend.tests.test_retention_feature.TestOutreachHistory" name="test_history_limit_parameter" time="0.035" /><testcase classname="backend.tests.test_retention_feature.TestSchedulerRetentionJob" name="test_scheduler_status_accessible" time="0.045" /><testcase classname="backend.tests.test_retention_feature.TestSchedulerRetentionJob" name="test_scheduler_has_three_jobs" time="0.040" /><testcase classname="backend.tests.test_retention_feature.TestRetentionSettings" name="test_shop_settings_include_retention" time="0.040" /><testcase classname="backend.tests.test_retention_feature.TestRetentionSettings" name="test_save_retention_settings" time="0.187" /><testcase classname="backend.tests.test_retention_feature.TestRegressionEndpoints" name="test_dashboard_stats" time="0.043" /><testcase classname="backend.tests.test_retention_feature.TestRegressionEndpoints" name="test_clients_list" time="0.041" /><testcase classname="backend.tests.test_retention_feature.TestRegressionEndpoints" name="test_appointments_list" time="0.043" /><testcase classname="backend.tests.test_retention_feature.TestRegressionEndpoints" name="test_reporting_overview" time="0.050" /></testsuite></testsuites>