<?xml version="1.0" encoding="utf-8"?><testsuites name="pytest tests"><testsuite name="pytest" errors="0" failures="0" skipped="0" tests="36" time="6.749" timestamp="2026-02-12T10:30:09.821693+00:00" hostname="agent-env-3d2162d8-abc6-4388-97f5-bdb1262094d7"><testcase classname="tests.test_regression_refactor.TestHealthAndPublic" name="test_health_check" time="0.086" /><testcase classname="tests.test_regression_refactor.TestHealthAndPublic" name="test_root_endpoint" time="0.039" /><testcase classname="tests.test_regression_refactor.TestHealthAndPublic" name="test_public_shop_info" time="0.040" /><testcase classname="tests.test_regression_refactor.TestAuthFlow" name="test_login_success" time="0.279" /><testcase classname="tests.test_regression_refactor.TestAuthFlow" name="test_login_invalid_credentials" time="0.264" /><testcase classname="tests.test_regression_refactor.TestAuthFlow" name="test_get_me" time="0.297" /><testcase classname="tests.test_regression_refactor.TestShopEndpoints" name="test_get_shop" time="0.308" /><testcase classname="tests.test_regression_refactor.TestShopEndpoints" name="test_update_shop_policy" time="0.142" /><testcase classname="tests.test_regression_refactor.TestDashboardEndpoints" name="test_dashboard_stats" time="0.300" /><testcase classname="tests.test_regression_refactor.TestDashboardEndpoints" name="test_revenue_chart" time="0.079" /><testcase classname="tests.test_regression_refactor.TestAppointmentEndpoints" name="test_list_appointments" time="0.308" /><testcase classname="tests.test_regression_refactor.TestAppointmentEndpoints" name="test_get_single_appointment" time="0.072" /><testcase classname="tests.test_regression_refactor.TestAppointmentEndpoints" name="test_get_availability" time="0.119" /><testcase classname="tests.test_regression_refactor.TestAppointmentEndpoints" name="test_create_appointment_conflict" time="0.044" /><testcase classname="tests.test_regression_refactor.TestClientEndpoints" name="test_list_clients" time="0.340" /><testcase classname="tests.test_regression_refactor.TestClientEndpoints" name="test_search_clients" time="0.034" /><testcase classname="tests.test_regression_refactor.TestClientEndpoints" name="test_create_client" time="0.039" /><testcase classname="tests.test_regression_refactor.TestClientEndpoints" name="test_get_client_history" time="0.070" /><testcase classname="tests.test_regression_refactor.TestConversationEndpoints" name="test_list_conversations" time="0.296" /><testcase classname="tests.test_regression_refactor.TestConversationEndpoints" name="test_get_conversation_detail" time="0.068" /><testcase classname="tests.test_regression_refactor.TestWaitlistEndpoints" name="test_list_waitlist" time="0.290" /><testcase classname="tests.test_regression_refactor.TestWaitlistEndpoints" name="test_create_waitlist_entry" time="0.036" /><testcase classname="tests.test_regression_refactor.TestBarbersAndServices" name="test_list_barbers" time="0.295" /><testcase classname="tests.test_regression_refactor.TestBarbersAndServices" name="test_list_services" time="0.075" /><testcase classname="tests.test_regression_refactor.TestPaymentEndpoints" name="test_create_deposit_payment" time="0.873" /><testcase classname="tests.test_regression_refactor.TestPaymentEndpoints" name="test_create_deposit_invalid_appointment" time="0.038" /><testcase classname="tests.test_regression_refactor.TestPaymentEndpoints" name="test_list_payment_transactions" time="0.035" /><testcase classname="tests.test_regression_refactor.TestCalendarEndpoints" name="test_calendar_oauth_login" time="0.340" /><testcase classname="tests.test_regression_refactor.TestCalendarEndpoints" name="test_calendar_status" time="0.038" /><testcase classname="tests.test_regression_refactor.TestJobsAndReporting" name="test_jobs_status" time="0.299" /><testcase classname="tests.test_regression_refactor.TestJobsAndReporting" name="test_run_daily_summary" time="0.675" /><testcase classname="tests.test_regression_refactor.TestJobsAndReporting" name="test_reporting_overview" time="0.037" /><testcase classname="tests.test_regression_refactor.TestAuditAndEmail" name="test_audit_log" time="0.293" /><testcase classname="tests.test_regression_refactor.TestAuditAndEmail" name="test_email_outbox" time="0.040" /><testcase classname="tests.test_regression_refactor.TestWebhooks" name="test_stripe_webhook_accessible" time="0.059" /><testcase classname="tests.test_regression_refactor.TestWebhooks" name="test_twilio_webhook_accessible" time="0.032" /></testsuite></testsuites>