<?xml version="1.0" encoding="utf-8"?><testsuites name="pytest tests"><testsuite name="pytest" errors="0" failures="0" skipped="0" tests="26" time="2.288" timestamp="2026-02-12T08:26:06.820975+00:00" hostname="agent-env-73fac997-87bc-4da6-a006-659d60d3c993"><testcase classname="tests.test_reporting_jobs.TestAuthEndpoint" name="test_login_success" time="0.364" /><testcase classname="tests.test_reporting_jobs.TestReportingOverview" name="test_reporting_overview_default" time="0.334" /><testcase classname="tests.test_reporting_jobs.TestReportingOverview" name="test_reporting_overview_7_days" time="0.060" /><testcase classname="tests.test_reporting_jobs.TestReportingOverview" name="test_reporting_overview_14_days" time="0.045" /><testcase classname="tests.test_reporting_jobs.TestReportingOverview" name="test_reporting_overview_90_days" time="0.051" /><testcase classname="tests.test_reporting_jobs.TestReportingOverview" name="test_reporting_overview_daily_trend" time="0.048" /><testcase classname="tests.test_reporting_jobs.TestReportingOverview" name="test_reporting_overview_barber_performance" time="0.045" /><testcase classname="tests.test_reporting_jobs.TestReportingOverview" name="test_reporting_overview_messages" time="0.049" /><testcase classname="tests.test_reporting_jobs.TestJobsHistory" name="test_jobs_history_default" time="0.049" /><testcase classname="tests.test_reporting_jobs.TestJobsHistory" name="test_jobs_history_with_limit" time="0.036" /><testcase classname="tests.test_reporting_jobs.TestJobsHistory" name="test_jobs_history_entry_structure" time="0.034" /><testcase classname="tests.test_reporting_jobs.TestJobsStatus" name="test_jobs_status" time="0.035" /><testcase classname="tests.test_reporting_jobs.TestJobsStatus" name="test_jobs_status_has_both_jobs" time="0.041" /><testcase classname="tests.test_reporting_jobs.TestJobsStatus" name="test_jobs_status_job_structure" time="0.040" /><testcase classname="tests.test_reporting_jobs.TestRemindersEndpoints" name="test_reminders_preview" time="0.049" /><testcase classname="tests.test_reporting_jobs.TestRemindersEndpoints" name="test_reminders_run" time="0.043" /><testcase classname="tests.test_reporting_jobs.TestDailySummaryEndpoints" name="test_daily_summary_preview" time="0.044" /><testcase classname="tests.test_reporting_jobs.TestDailySummaryEndpoints" name="test_daily_summary_run" time="0.341" /><testcase classname="tests.test_reporting_jobs.TestRegressionEndpoints" name="test_dashboard_stats" time="0.078" /><testcase classname="tests.test_reporting_jobs.TestRegressionEndpoints" name="test_clients_list" time="0.057" /><testcase classname="tests.test_reporting_jobs.TestRegressionEndpoints" name="test_appointments_list" time="0.046" /><testcase classname="tests.test_reporting_jobs.TestRegressionEndpoints" name="test_conversations_list" time="0.078" /><testcase classname="tests.test_reporting_jobs.TestRegressionEndpoints" name="test_waitlist_list" time="0.038" /><testcase classname="tests.test_reporting_jobs.TestRegressionEndpoints" name="test_barbers_list" time="0.044" /><testcase classname="tests.test_reporting_jobs.TestRegressionEndpoints" name="test_services_list" time="0.042" /><testcase classname="tests.test_reporting_jobs.TestRegressionEndpoints" name="test_health_endpoint" time="0.036" /></testsuite></testsuites>