<?xml version="1.0" encoding="utf-8"?><testsuites name="pytest tests"><testsuite name="pytest" errors="0" failures="3" skipped="0" tests="36" time="6.129" timestamp="2026-02-12T10:28:20.105067+00:00" hostname="agent-env-3d2162d8-abc6-4388-97f5-bdb1262094d7"><testcase classname="tests.test_regression_refactor.TestHealthAndPublic" name="test_health_check" time="0.074" /><testcase classname="tests.test_regression_refactor.TestHealthAndPublic" name="test_root_endpoint" time="0.038" /><testcase classname="tests.test_regression_refactor.TestHealthAndPublic" name="test_public_shop_info" time="0.074" /><testcase classname="tests.test_regression_refactor.TestAuthFlow" name="test_login_success" time="0.277" /><testcase classname="tests.test_regression_refactor.TestAuthFlow" name="test_login_invalid_credentials" time="0.259" /><testcase classname="tests.test_regression_refactor.TestAuthFlow" name="test_get_me" time="0.346" /><testcase classname="tests.test_regression_refactor.TestShopEndpoints" name="test_get_shop" time="0.298" /><testcase classname="tests.test_regression_refactor.TestShopEndpoints" name="test_update_shop_policy" time="0.155" /><testcase classname="tests.test_regression_refactor.TestDashboardEndpoints" name="test_dashboard_stats" time="0.302" /><testcase classname="tests.test_regression_refactor.TestDashboardEndpoints" name="test_revenue_chart" time="0.045" /><testcase classname="tests.test_regression_refactor.TestAppointmentEndpoints" name="test_list_appointments" time="0.302" /><testcase classname="tests.test_regression_refactor.TestAppointmentEndpoints" name="test_get_single_appointment" time="0.071" /><testcase classname="tests.test_regression_refactor.TestAppointmentEndpoints" name="test_get_availability" time="0.134" /><testcase classname="tests.test_regression_refactor.TestAppointmentEndpoints" name="test_create_appointment_conflict" time="0.041" /><testcase classname="tests.test_regression_refactor.TestClientEndpoints" name="test_list_clients" time="0.294" /><testcase classname="tests.test_regression_refactor.TestClientEndpoints" name="test_search_clients" time="0.039" /><testcase classname="tests.test_regression_refactor.TestClientEndpoints" name="test_create_client" time="0.037"><failure message="AssertionError: Create client failed: Internal Server Error&#10;assert 520 in [200, 201, 409]&#10; +  where 520 = &lt;Response [520]&gt;.status_code">tests/test_regression_refactor.py:280: in test_create_client
    assert response.status_code in [200, 201, 409], f"Create client failed: {response.text}"
E   AssertionError: Create client failed: Internal Server Error
E   assert 520 in [200, 201, 409]
E    +  where 520 = &lt;Response [520]&gt;.status_code</failure></testcase><testcase classname="tests.test_regression_refactor.TestClientEndpoints" name="test_get_client_history" time="0.076" /><testcase classname="tests.test_regression_refactor.TestConversationEndpoints" name="test_list_conversations" time="0.290" /><testcase classname="tests.test_regression_refactor.TestConversationEndpoints" name="test_get_conversation_detail" time="0.119" /><testcase classname="tests.test_regression_refactor.TestWaitlistEndpoints" name="test_list_waitlist" time="0.292" /><testcase classname="tests.test_regression_refactor.TestWaitlistEndpoints" name="test_create_waitlist_entry" time="0.036"><failure message="AssertionError: Create waitlist failed: Internal Server Error&#10;assert 520 in [200, 201, 409]&#10; +  where 520 = &lt;Response [520]&gt;.status_code">tests/test_regression_refactor.py:371: in test_create_waitlist_entry
    assert response.status_code in [200, 201, 409], f"Create waitlist failed: {response.text}"
E   AssertionError: Create waitlist failed: Internal Server Error
E   assert 520 in [200, 201, 409]
E    +  where 520 = &lt;Response [520]&gt;.status_code</failure></testcase><testcase classname="tests.test_regression_refactor.TestBarbersAndServices" name="test_list_barbers" time="0.293" /><testcase classname="tests.test_regression_refactor.TestBarbersAndServices" name="test_list_services" time="0.034" /><testcase classname="tests.test_regression_refactor.TestPaymentEndpoints" name="test_create_deposit_payment" time="0.872" /><testcase classname="tests.test_regression_refactor.TestPaymentEndpoints" name="test_create_deposit_invalid_appointment" time="0.033" /><testcase classname="tests.test_regression_refactor.TestPaymentEndpoints" name="test_list_payment_transactions" time="0.036" /><testcase classname="tests.test_regression_refactor.TestCalendarEndpoints" name="test_calendar_oauth_login" time="0.335" /><testcase classname="tests.test_regression_refactor.TestCalendarEndpoints" name="test_calendar_status" time="0.032" /><testcase classname="tests.test_regression_refactor.TestJobsAndReporting" name="test_jobs_status" time="0.295" /><testcase classname="tests.test_regression_refactor.TestJobsAndReporting" name="test_run_daily_summary" time="0.031"><failure message="assert 520 == 200&#10; +  where 520 = &lt;Response [520]&gt;.status_code">tests/test_regression_refactor.py:508: in test_run_daily_summary
    assert response.status_code == 200
E   assert 520 == 200
E    +  where 520 = &lt;Response [520]&gt;.status_code</failure></testcase><testcase classname="tests.test_regression_refactor.TestJobsAndReporting" name="test_reporting_overview" time="0.038" /><testcase classname="tests.test_regression_refactor.TestAuditAndEmail" name="test_audit_log" time="0.294" /><testcase classname="tests.test_regression_refactor.TestAuditAndEmail" name="test_email_outbox" time="0.032" /><testcase classname="tests.test_regression_refactor.TestWebhooks" name="test_stripe_webhook_accessible" time="0.033" /><testcase classname="tests.test_regression_refactor.TestWebhooks" name="test_twilio_webhook_accessible" time="0.034" /></testsuite></testsuites>