<?xml version="1.0" encoding="utf-8"?><testsuites name="pytest tests"><testsuite name="pytest" errors="0" failures="0" skipped="0" tests="11" time="1.277" timestamp="2026-02-12T18:09:39.971489+00:00" hostname="agent-env-f0df6cc8-29f1-4c81-bdef-8d77b1f01c5d"><testcase classname="tests.test_p1_features.TestShopDetails" name="test_get_shop_initial" time="0.384" /><testcase classname="tests.test_p1_features.TestShopDetails" name="test_patch_shop_details_name" time="0.188" /><testcase classname="tests.test_p1_features.TestShopDetails" name="test_patch_shop_details_phone" time="0.110" /><testcase classname="tests.test_p1_features.TestShopDetails" name="test_patch_shop_details_email" time="0.092" /><testcase classname="tests.test_p1_features.TestShopDetails" name="test_patch_shop_details_address" time="0.089" /><testcase classname="tests.test_p1_features.TestShopDetails" name="test_patch_shop_details_all_fields" time="0.129" /><testcase classname="tests.test_p1_features.TestShopDetails" name="test_patch_shop_details_empty_not_required" time="0.039" /><testcase classname="tests.test_p1_features.TestShopDetails" name="test_patch_shop_details_no_auth" time="0.041" /><testcase classname="tests.test_p1_features.TestClientsNoMongoID" name="test_get_clients_has_total_appointments" time="0.046" /><testcase classname="tests.test_p1_features.TestClientsNoMongoID" name="test_clients_response_structure" time="0.041" /><testcase classname="tests.test_p1_features.TestBookingLink" name="test_shop_has_required_fields" time="0.045" /></testsuite></testsuites>