<?xml version="1.0" encoding="utf-8"?><testsuites name="pytest tests"><testsuite name="pytest" errors="0" failures="0" skipped="0" tests="19" time="4.151" timestamp="2026-02-12T09:44:14.239161+00:00" hostname="agent-env-3d2162d8-abc6-4388-97f5-bdb1262094d7"><testcase classname="backend.tests.test_payments_calendar.TestPaymentCreateDeposit" name="test_create_deposit_returns_checkout_url" time="0.943" /><testcase classname="backend.tests.test_payments_calendar.TestPaymentCreateDeposit" name="test_create_deposit_for_invalid_appointment" time="0.039" /><testcase classname="backend.tests.test_payments_calendar.TestPaymentCreateDeposit" name="test_create_deposit_updates_payment_transactions" time="0.040" /><testcase classname="backend.tests.test_payments_calendar.TestPaymentStatus" name="test_get_payment_status_valid_session" time="0.548" /><testcase classname="backend.tests.test_payments_calendar.TestPaymentStatus" name="test_get_payment_status_invalid_session" time="0.039" /><testcase classname="backend.tests.test_payments_calendar.TestPaymentTransactions" name="test_list_transactions" time="0.299" /><testcase classname="backend.tests.test_payments_calendar.TestPaymentTransactions" name="test_list_transactions_pagination" time="0.038" /><testcase classname="backend.tests.test_payments_calendar.TestStripeWebhook" name="test_webhook_endpoint_accessible" time="0.035" /><testcase classname="backend.tests.test_payments_calendar.TestGoogleCalendarOAuth" name="test_oauth_login_returns_authorization_url" time="0.326" /><testcase classname="backend.tests.test_payments_calendar.TestCalendarStatus" name="test_calendar_status_structure" time="0.298" /><testcase classname="backend.tests.test_payments_calendar.TestCalendarDisconnect" name="test_disconnect_calendar" time="0.333" /><testcase classname="backend.tests.test_payments_calendar.TestCalendarEvents" name="test_list_calendar_events" time="0.294" /><testcase classname="backend.tests.test_payments_calendar.TestSettingsIntegrationInfo" name="test_shop_has_deposit_settings" time="0.298" /><testcase classname="backend.tests.test_payments_calendar.TestHealthCheckProviders" name="test_health_shows_provider_status" time="0.035" /><testcase classname="backend.tests.test_payments_calendar.TestRegressionEndpoints" name="test_appointments_list" time="0.297" /><testcase classname="backend.tests.test_payments_calendar.TestRegressionEndpoints" name="test_clients_list" time="0.042" /><testcase classname="backend.tests.test_payments_calendar.TestRegressionEndpoints" name="test_dashboard_stats" time="0.050" /><testcase classname="backend.tests.test_payments_calendar.TestRegressionEndpoints" name="test_services_list" time="0.035" /><testcase classname="backend.tests.test_payments_calendar.TestRegressionEndpoints" name="test_barbers_list" time="0.075" /></testsuite></testsuites>