<?xml version="1.0" encoding="utf-8"?><testsuites name="pytest tests"><testsuite name="pytest" errors="0" failures="0" skipped="0" tests="35" time="4.769" timestamp="2026-02-12T07:48:37.125932+00:00" hostname="agent-env-73fac997-87bc-4da6-a006-659d60d3c993"><testcase classname="tests.test_new_features.TestAuth" name="test_login_success" time="0.375" /><testcase classname="tests.test_new_features.TestAuth" name="test_login_invalid_credentials" time="0.038" /><testcase classname="tests.test_new_features.TestDashboard" name="test_dashboard_stats" time="0.358" /><testcase classname="tests.test_new_features.TestClientManagement" name="test_list_clients" time="0.327" /><testcase classname="tests.test_new_features.TestClientManagement" name="test_client_search_by_name" time="0.049" /><testcase classname="tests.test_new_features.TestClientManagement" name="test_client_search_by_phone" time="0.041" /><testcase classname="tests.test_new_features.TestClientManagement" name="test_create_client_success" time="0.048" /><testcase classname="tests.test_new_features.TestClientManagement" name="test_create_client_duplicate_phone" time="0.035" /><testcase classname="tests.test_new_features.TestClientManagement" name="test_get_client_by_id" time="0.037" /><testcase classname="tests.test_new_features.TestClientManagement" name="test_get_client_not_found" time="0.080" /><testcase classname="tests.test_new_features.TestClientManagement" name="test_get_client_history" time="0.057" /><testcase classname="tests.test_new_features.TestClientManagement" name="test_update_client" time="0.137" /><testcase classname="tests.test_new_features.TestSchedulingAvailability" name="test_get_availability_returns_slots" time="0.337" /><testcase classname="tests.test_new_features.TestSchedulingAvailability" name="test_availability_with_service_id" time="0.073" /><testcase classname="tests.test_new_features.TestSchedulingAvailability" name="test_availability_with_barber_filter" time="0.052" /><testcase classname="tests.test_new_features.TestSchedulingAvailability" name="test_validate_slot_endpoint" time="0.042" /><testcase classname="tests.test_new_features.TestSchedulingAvailability" name="test_barber_schedule_endpoint" time="0.036" /><testcase classname="tests.test_new_features.TestAppointmentCreation" name="test_create_appointment_success" time="0.428" /><testcase classname="tests.test_new_features.TestAppointmentCreation" name="test_create_appointment_conflict_prevention" time="0.045" /><testcase classname="tests.test_new_features.TestAppointmentCreation" name="test_create_appointment_invalid_client" time="0.042" /><testcase classname="tests.test_new_features.TestAppointmentCreation" name="test_create_appointment_invalid_barber" time="0.081" /><testcase classname="tests.test_new_features.TestConversations" name="test_list_conversations" time="0.301" /><testcase classname="tests.test_new_features.TestConversations" name="test_get_conversation_by_client" time="0.073" /><testcase classname="tests.test_new_features.TestConversations" name="test_poll_new_messages" time="0.036" /><testcase classname="tests.test_new_features.TestConversations" name="test_poll_with_since_parameter" time="0.036" /><testcase classname="tests.test_new_features.TestConversations" name="test_poll_with_client_filter" time="0.051" /><testcase classname="tests.test_new_features.TestConversations" name="test_live_activity_endpoint" time="0.036" /><testcase classname="tests.test_new_features.TestWaitlist" name="test_list_waitlist" time="0.426" /><testcase classname="tests.test_new_features.TestWaitlist" name="test_add_to_waitlist" time="0.086" /><testcase classname="tests.test_new_features.TestBarbersAndServices" name="test_list_barbers" time="0.342" /><testcase classname="tests.test_new_features.TestBarbersAndServices" name="test_list_services" time="0.036" /><testcase classname="tests.test_new_features.TestAppointments" name="test_list_appointments" time="0.309" /><testcase classname="tests.test_new_features.TestAppointments" name="test_list_appointments_with_status_filter" time="0.035" /><testcase classname="tests.test_new_features.TestAppointments" name="test_get_appointment_by_id" time="0.075" /><testcase classname="tests.test_new_features.TestAppointments" name="test_appointment_not_found" time="0.035" /></testsuite></testsuites>